2024-04-25 00:45:16,671 INFO org.springframework.boot.StartupInfoLogger [main] Starting SareetaApplication on ThanVV with PID 29856 (D:\ThanVV\Desktop\Udacity\Java-web\Code\Project\Project-4-eCommerce-Application\nd035-c4-Security-and-DevOps\starter_code\target\classes started by Viet Than in D:\ThanVV\Desktop\Udacity\Java-web\Code\Project\Project-4-eCommerce-Application\nd035-c4-Security-and-DevOps)
2024-04-25 00:45:16,674 INFO org.springframework.boot.SpringApplication [main] No active profile set, falling back to default profiles: default
2024-04-25 00:45:17,230 INFO org.springframework.data.repository.config.RepositoryConfigurationDelegate [main] Bootstrapping Spring Data JPA repositories in DEFAULT mode.
2024-04-25 00:45:17,279 INFO org.springframework.data.repository.config.RepositoryConfigurationDelegate [main] Finished Spring Data repository scanning in 40ms. Found 4 JPA repository interfaces.
2024-04-25 00:45:17,997 INFO org.springframework.boot.web.embedded.tomcat.TomcatWebServer [main] Tomcat initialized with port(s): 8080 (http)
2024-04-25 00:45:18,010 INFO org.apache.juli.logging.DirectJDKLog [main] Initializing ProtocolHandler ["http-nio-8080"]
2024-04-25 00:45:18,011 INFO org.apache.juli.logging.DirectJDKLog [main] Starting service [Tomcat]
2024-04-25 00:45:18,011 INFO org.apache.juli.logging.DirectJDKLog [main] Starting Servlet engine: [Apache Tomcat/9.0.37]
2024-04-25 00:45:18,098 INFO org.apache.juli.logging.DirectJDKLog [main] Initializing Spring embedded WebApplicationContext
2024-04-25 00:45:18,098 INFO org.springframework.boot.web.servlet.context.ServletWebServerApplicationContext [main] Root WebApplicationContext: initialization completed in 1365 ms
2024-04-25 00:45:18,347 INFO org.hibernate.jpa.internal.util.LogHelper [main] HHH000204: Processing PersistenceUnitInfo [name: default]
2024-04-25 00:45:18,414 INFO org.hibernate.Version [main] HHH000412: Hibernate ORM core version 5.4.18.Final
2024-04-25 00:45:18,596 INFO org.hibernate.annotations.common.reflection.java.JavaReflectionManager [main] HCANN000001: Hibernate Commons Annotations {5.1.0.Final}
2024-04-25 00:45:18,696 INFO com.zaxxer.hikari.HikariDataSource [main] HikariPool-1 - Starting...
2024-04-25 00:45:18,891 INFO com.zaxxer.hikari.HikariDataSource [main] HikariPool-1 - Start completed.
2024-04-25 00:45:18,907 INFO org.hibernate.dialect.Dialect [main] HHH000400: Using dialect: org.hibernate.dialect.H2Dialect
2024-04-25 00:45:19,489 INFO org.hibernate.engine.transaction.jta.platform.internal.JtaPlatformInitiator [main] HHH000490: Using JtaPlatform implementation: [org.hibernate.engine.transaction.jta.platform.internal.NoJtaPlatform]
2024-04-25 00:45:19,494 INFO org.springframework.orm.jpa.AbstractEntityManagerFactoryBean [main] Initialized JPA EntityManagerFactory for persistence unit 'default'
2024-04-25 00:45:19,785 WARN org.springframework.boot.autoconfigure.orm.jpa.JpaBaseConfiguration$JpaWebConfiguration [main] spring.jpa.open-in-view is enabled by default. Therefore, database queries may be performed during view rendering. Explicitly configure spring.jpa.open-in-view to disable this warning
2024-04-25 00:45:20,115 INFO org.springframework.security.web.DefaultSecurityFilterChain [main] Creating filter chain: any request, [org.springframework.security.web.context.request.async.WebAsyncManagerIntegrationFilter@78f4d15d, org.springframework.security.web.context.SecurityContextPersistenceFilter@2ae4c424, org.springframework.security.web.header.HeaderWriterFilter@c3d4bd7, org.springframework.web.filter.CorsFilter@6958d5d0, org.springframework.security.web.authentication.logout.LogoutFilter@65a2e14e, com.example.demo.security.JWTAuthenticationFilter@314c28dc, com.example.demo.security.JWTAuthenticationVerficationFilter@7169d668, org.springframework.security.web.savedrequest.RequestCacheAwareFilter@237aba92, org.springframework.security.web.servletapi.SecurityContextHolderAwareRequestFilter@54c3e686, org.springframework.security.web.authentication.AnonymousAuthenticationFilter@2f498f21, org.springframework.security.web.session.SessionManagementFilter@5ca8c904, org.springframework.security.web.access.ExceptionTranslationFilter@7efa366, org.springframework.security.web.access.intercept.FilterSecurityInterceptor@374ba492]
2024-04-25 00:45:20,155 INFO org.springframework.scheduling.concurrent.ExecutorConfigurationSupport [main] Initializing ExecutorService 'applicationTaskExecutor'
2024-04-25 00:45:20,233 INFO org.apache.juli.logging.DirectJDKLog [main] Starting ProtocolHandler ["http-nio-8080"]
2024-04-25 00:45:20,259 WARN org.springframework.context.support.AbstractApplicationContext [main] Exception encountered during context initialization - cancelling refresh attempt: org.springframework.context.ApplicationContextException: Failed to start bean 'webServerStartStop'; nested exception is org.springframework.boot.web.server.PortInUseException: Port 8080 is already in use
2024-04-25 00:45:20,259 INFO org.springframework.scheduling.concurrent.ExecutorConfigurationSupport [main] Shutting down ExecutorService 'applicationTaskExecutor'
2024-04-25 00:45:20,260 INFO org.springframework.orm.jpa.AbstractEntityManagerFactoryBean [main] Closing JPA EntityManagerFactory for persistence unit 'default'
2024-04-25 00:45:20,262 INFO com.zaxxer.hikari.HikariDataSource [main] HikariPool-1 - Shutdown initiated...
2024-04-25 00:45:20,264 INFO com.zaxxer.hikari.HikariDataSource [main] HikariPool-1 - Shutdown completed.
2024-04-25 00:45:20,265 INFO org.apache.juli.logging.DirectJDKLog [main] Pausing ProtocolHandler ["http-nio-8080"]
2024-04-25 00:45:20,265 INFO org.apache.juli.logging.DirectJDKLog [main] Stopping service [Tomcat]
2024-04-25 00:45:20,268 INFO org.apache.juli.logging.DirectJDKLog [main] Stopping ProtocolHandler ["http-nio-8080"]
2024-04-25 00:45:20,268 INFO org.apache.juli.logging.DirectJDKLog [main] Destroying ProtocolHandler ["http-nio-8080"]
2024-04-25 00:45:20,272 INFO org.springframework.boot.autoconfigure.logging.ConditionEvaluationReportLoggingListener [main] 

Error starting ApplicationContext. To display the conditions report re-run your application with 'debug' enabled.
2024-04-25 00:45:20,273 ERROR org.springframework.boot.diagnostics.LoggingFailureAnalysisReporter [main] 

***************************
APPLICATION FAILED TO START
***************************

Description:

Web server failed to start. Port 8080 was already in use.

Action:

Identify and stop the process that's listening on port 8080 or configure this application to listen on another port.

2024-04-25 00:48:18,287 INFO org.springframework.boot.StartupInfoLogger [main] Starting SareetaApplication on ThanVV with PID 8136 (D:\ThanVV\Desktop\Udacity\Java-web\Code\Project\Project-4-eCommerce-Application\nd035-c4-Security-and-DevOps\starter_code\target\classes started by Viet Than in D:\ThanVV\Desktop\Udacity\Java-web\Code\Project\Project-4-eCommerce-Application\nd035-c4-Security-and-DevOps)
2024-04-25 00:48:18,288 INFO org.springframework.boot.SpringApplication [main] No active profile set, falling back to default profiles: default
2024-04-25 00:48:18,686 INFO org.springframework.data.repository.config.RepositoryConfigurationDelegate [main] Bootstrapping Spring Data JPA repositories in DEFAULT mode.
2024-04-25 00:48:18,729 INFO org.springframework.data.repository.config.RepositoryConfigurationDelegate [main] Finished Spring Data repository scanning in 35ms. Found 4 JPA repository interfaces.
2024-04-25 00:48:19,314 INFO org.springframework.boot.web.embedded.tomcat.TomcatWebServer [main] Tomcat initialized with port(s): 8080 (http)
2024-04-25 00:48:19,322 INFO org.apache.juli.logging.DirectJDKLog [main] Initializing ProtocolHandler ["http-nio-8080"]
2024-04-25 00:48:19,322 INFO org.apache.juli.logging.DirectJDKLog [main] Starting service [Tomcat]
2024-04-25 00:48:19,322 INFO org.apache.juli.logging.DirectJDKLog [main] Starting Servlet engine: [Apache Tomcat/9.0.37]
2024-04-25 00:48:19,388 INFO org.apache.juli.logging.DirectJDKLog [main] Initializing Spring embedded WebApplicationContext
2024-04-25 00:48:19,388 INFO org.springframework.boot.web.servlet.context.ServletWebServerApplicationContext [main] Root WebApplicationContext: initialization completed in 1044 ms
2024-04-25 00:48:19,578 INFO org.hibernate.jpa.internal.util.LogHelper [main] HHH000204: Processing PersistenceUnitInfo [name: default]
2024-04-25 00:48:19,615 INFO org.hibernate.Version [main] HHH000412: Hibernate ORM core version 5.4.18.Final
2024-04-25 00:48:19,712 INFO org.hibernate.annotations.common.reflection.java.JavaReflectionManager [main] HCANN000001: Hibernate Commons Annotations {5.1.0.Final}
2024-04-25 00:48:19,776 INFO com.zaxxer.hikari.HikariDataSource [main] HikariPool-1 - Starting...
2024-04-25 00:48:19,907 INFO com.zaxxer.hikari.HikariDataSource [main] HikariPool-1 - Start completed.
2024-04-25 00:48:19,918 INFO org.hibernate.dialect.Dialect [main] HHH000400: Using dialect: org.hibernate.dialect.H2Dialect
2024-04-25 00:48:20,421 INFO org.hibernate.engine.transaction.jta.platform.internal.JtaPlatformInitiator [main] HHH000490: Using JtaPlatform implementation: [org.hibernate.engine.transaction.jta.platform.internal.NoJtaPlatform]
2024-04-25 00:48:20,425 INFO org.springframework.orm.jpa.AbstractEntityManagerFactoryBean [main] Initialized JPA EntityManagerFactory for persistence unit 'default'
2024-04-25 00:48:20,695 WARN org.springframework.boot.autoconfigure.orm.jpa.JpaBaseConfiguration$JpaWebConfiguration [main] spring.jpa.open-in-view is enabled by default. Therefore, database queries may be performed during view rendering. Explicitly configure spring.jpa.open-in-view to disable this warning
2024-04-25 00:48:21,031 INFO org.springframework.security.web.DefaultSecurityFilterChain [main] Creating filter chain: any request, [org.springframework.security.web.context.request.async.WebAsyncManagerIntegrationFilter@3b6c740b, org.springframework.security.web.context.SecurityContextPersistenceFilter@6978a32a, org.springframework.security.web.header.HeaderWriterFilter@2ae4c424, org.springframework.web.filter.CorsFilter@8091d80, org.springframework.security.web.authentication.logout.LogoutFilter@37a1beb3, com.example.demo.security.JWTAuthenticationFilter@78f4d15d, com.example.demo.security.JWTAuthenticationVerficationFilter@6958d5d0, org.springframework.security.web.savedrequest.RequestCacheAwareFilter@233ece92, org.springframework.security.web.servletapi.SecurityContextHolderAwareRequestFilter@3987a1e8, org.springframework.security.web.authentication.AnonymousAuthenticationFilter@314c28dc, org.springframework.security.web.session.SessionManagementFilter@237aba92, org.springframework.security.web.access.ExceptionTranslationFilter@5ca8c904, org.springframework.security.web.access.intercept.FilterSecurityInterceptor@185bf6e0]
2024-04-25 00:48:21,077 INFO org.springframework.scheduling.concurrent.ExecutorConfigurationSupport [main] Initializing ExecutorService 'applicationTaskExecutor'
2024-04-25 00:48:21,162 INFO org.apache.juli.logging.DirectJDKLog [main] Starting ProtocolHandler ["http-nio-8080"]
2024-04-25 00:48:21,199 INFO org.springframework.boot.web.embedded.tomcat.TomcatWebServer [main] Tomcat started on port(s): 8080 (http) with context path ''
2024-04-25 00:48:21,206 INFO org.springframework.boot.StartupInfoLogger [main] Started SareetaApplication in 3.253 seconds (JVM running for 3.611)
2024-04-25 00:48:41,741 INFO org.apache.juli.logging.DirectJDKLog [http-nio-8080-exec-1] Initializing Spring DispatcherServlet 'dispatcherServlet'
2024-04-25 00:48:41,741 INFO org.springframework.web.servlet.FrameworkServlet [http-nio-8080-exec-1] Initializing Servlet 'dispatcherServlet'
2024-04-25 00:48:41,744 INFO org.springframework.web.servlet.FrameworkServlet [http-nio-8080-exec-1] Completed initialization in 3 ms
2024-04-25 00:48:41,906 INFO com.example.demo.controllers.OrderController [http-nio-8080-exec-1] Ecommerce: submitOrder fail: than1
